2020-12-29 12:17:19,550 INFO com.example.demo.SpringStsjpaLombokApplication [main] Starting SpringStsjpaLombokApplication using Java 15.0.1 on DESKTOP-8Q96CNP with PID 17244 (C:\Users\it\Documents\workspace-spring-tool-suite-4-4.9.0.RELEASE\SpringSTSJPALombok\target\classes started by it in C:\Users\it\Documents\workspace-spring-tool-suite-4-4.9.0.RELEASE\SpringSTSJPALombok)
2020-12-29 12:17:19,554 DEBUG com.example.demo.SpringStsjpaLombokApplication [main] Running with Spring Boot v2.4.1, Spring v5.3.2
2020-12-29 12:17:19,557 INFO com.example.demo.SpringStsjpaLombokApplication [main] No active profile set, falling back to default profiles: default
2020-12-29 12:17:42,142 INFO org.apache.catalina.core.StandardService [main] Starting service [Tomcat]
2020-12-29 12:17:42,144 INFO org.apache.catalina.core.StandardEngine [main] Starting Servlet engine: [Apache Tomcat/9.0.41]
2020-12-29 12:17:42,149 INFO org.apache.catalina.core.AprLifecycleListener [main] Loaded Apache Tomcat Native library [1.2.25] using APR version [1.7.0].
2020-12-29 12:17:42,149 INFO org.apache.catalina.core.AprLifecycleListener [main] APR capabilities: IPv6 [true], sendfile [true], accept filters [false], random [true].
2020-12-29 12:17:42,150 INFO org.apache.catalina.core.AprLifecycleListener [main] APR/OpenSSL configuration: useAprConnector [false], useOpenSSL [true]
2020-12-29 12:17:43,306 INFO org.apache.catalina.core.AprLifecycleListener [main] OpenSSL successfully initialized [OpenSSL 1.1.1g  21 Apr 2020]
2020-12-29 12:17:44,378 INFO org.apache.catalina.core.ContainerBase.[Tomcat].[localhost].[/] [main] Initializing Spring embedded WebApplicationContext
2020-12-29 12:17:45,025 INFO org.hibernate.jpa.internal.util.LogHelper [main] HHH000204: Processing PersistenceUnitInfo [name: default]
2020-12-29 12:17:45,367 INFO org.hibernate.Version [main] HHH000412: Hibernate ORM core version 5.4.25.Final
2020-12-29 12:17:46,157 INFO org.hibernate.annotations.common.Version [main] HCANN000001: Hibernate Commons Annotations {5.1.2.Final}
2020-12-29 12:17:46,446 INFO com.zaxxer.hikari.HikariDataSource [main] HikariPool-1 - Starting...
2020-12-29 12:17:53,396 INFO com.zaxxer.hikari.HikariDataSource [main] HikariPool-1 - Start completed.
2020-12-29 12:17:53,522 INFO org.hibernate.dialect.Dialect [main] HHH000400: Using dialect: org.hibernate.dialect.MySQL5Dialect
2020-12-29 12:17:58,778 INFO org.hibernate.engine.transaction.jta.platform.internal.JtaPlatformInitiator [main] HHH000490: Using JtaPlatform implementation: [org.hibernate.engine.transaction.jta.platform.internal.NoJtaPlatform]
2020-12-29 12:17:59,853 INFO com.example.demo.SpringStsjpaLombokApplication [main] Started SpringStsjpaLombokApplication in 41.263 seconds (JVM running for 44.17)
2020-12-29 12:18:39,109 INFO com.zaxxer.hikari.HikariDataSource [RMI TCP Connection(13)-127.0.0.1] HikariPool-1 - Shutdown initiated...
2020-12-29 12:18:39,341 INFO com.zaxxer.hikari.HikariDataSource [RMI TCP Connection(13)-127.0.0.1] HikariPool-1 - Shutdown completed.
2020-12-29 12:41:40,241 INFO com.example.demo.SpringStsjpaLombokApplication [main] Starting SpringStsjpaLombokApplication using Java 15.0.1 on DESKTOP-8Q96CNP with PID 15292 (C:\Users\it\Documents\workspace-spring-tool-suite-4-4.9.0.RELEASE\SpringSTSJPALombok\target\classes started by it in C:\Users\it\Documents\workspace-spring-tool-suite-4-4.9.0.RELEASE\SpringSTSJPALombok)
2020-12-29 12:41:40,249 DEBUG com.example.demo.SpringStsjpaLombokApplication [main] Running with Spring Boot v2.4.1, Spring v5.3.2
2020-12-29 12:41:40,250 INFO com.example.demo.SpringStsjpaLombokApplication [main] No active profile set, falling back to default profiles: default
2020-12-29 12:41:43,970 INFO org.apache.catalina.core.StandardService [main] Starting service [Tomcat]
2020-12-29 12:41:43,973 INFO org.apache.catalina.core.StandardEngine [main] Starting Servlet engine: [Apache Tomcat/9.0.41]
2020-12-29 12:41:43,979 INFO org.apache.catalina.core.AprLifecycleListener [main] Loaded Apache Tomcat Native library [1.2.25] using APR version [1.7.0].
2020-12-29 12:41:43,980 INFO org.apache.catalina.core.AprLifecycleListener [main] APR capabilities: IPv6 [true], sendfile [true], accept filters [false], random [true].
2020-12-29 12:41:43,981 INFO org.apache.catalina.core.AprLifecycleListener [main] APR/OpenSSL configuration: useAprConnector [false], useOpenSSL [true]
2020-12-29 12:41:44,324 INFO org.apache.catalina.core.AprLifecycleListener [main] OpenSSL successfully initialized [OpenSSL 1.1.1g  21 Apr 2020]
2020-12-29 12:41:44,859 INFO org.apache.catalina.core.ContainerBase.[Tomcat].[localhost].[/] [main] Initializing Spring embedded WebApplicationContext
2020-12-29 12:41:45,990 INFO org.hibernate.jpa.internal.util.LogHelper [main] HHH000204: Processing PersistenceUnitInfo [name: default]
2020-12-29 12:41:46,322 INFO org.hibernate.Version [main] HHH000412: Hibernate ORM core version 5.4.25.Final
2020-12-29 12:41:47,594 INFO org.hibernate.annotations.common.Version [main] HCANN000001: Hibernate Commons Annotations {5.1.2.Final}
2020-12-29 12:41:47,992 INFO com.zaxxer.hikari.HikariDataSource [main] HikariPool-1 - Starting...
2020-12-29 12:41:50,974 INFO com.zaxxer.hikari.HikariDataSource [main] HikariPool-1 - Start completed.
2020-12-29 12:41:51,074 INFO org.hibernate.dialect.Dialect [main] HHH000400: Using dialect: org.hibernate.dialect.MySQL5Dialect
2020-12-29 12:41:58,926 INFO org.hibernate.engine.transaction.jta.platform.internal.JtaPlatformInitiator [main] HHH000490: Using JtaPlatform implementation: [org.hibernate.engine.transaction.jta.platform.internal.NoJtaPlatform]
2020-12-29 12:42:01,754 INFO com.example.demo.SpringStsjpaLombokApplication [main] Started SpringStsjpaLombokApplication in 21.94 seconds (JVM running for 22.766)
2020-12-29 12:47:04,055 INFO org.apache.catalina.core.ContainerBase.[Tomcat].[localhost].[/] [http-nio-9090-exec-1] Initializing Spring DispatcherServlet 'dispatcherServlet'
2020-12-29 12:47:05,727 ERROR org.apache.catalina.core.ContainerBase.[Tomcat].[localhost].[/].[dispatcherServlet] [http-nio-9090-exec-1] Servlet.service() for servlet [dispatcherServlet] in context with path [] threw exception [Handler dispatch failed; nested exception is java.lang.IllegalAccessError: class com.example.demo.controller.FirstController (in unnamed module @0x11a8042c) cannot access class jdk.internal.org.jline.utils.Log (in module jdk.internal.le) because module jdk.internal.le does not export jdk.internal.org.jline.utils to unnamed module @0x11a8042c] with root cause
java.lang.IllegalAccessError: class com.example.demo.controller.FirstController (in unnamed module @0x11a8042c) cannot access class jdk.internal.org.jline.utils.Log (in module jdk.internal.le) because module jdk.internal.le does not export jdk.internal.org.jline.utils to unnamed module @0x11a8042c
	at com.example.demo.controller.FirstController.helloWorld(FirstController.java:19)
	at java.base/jdk.internal.reflect.NativeMethodAccessorImpl.invoke0(Native Method)
	at java.base/jdk.internal.reflect.NativeMethodAccessorImpl.invoke(NativeMethodAccessorImpl.java:64)
	at java.base/jdk.internal.reflect.DelegatingMethodAccessorImpl.invoke(DelegatingMethodAccessorImpl.java:43)
	at java.base/java.lang.reflect.Method.invoke(Method.java:564)
	at org.springframework.web.method.support.InvocableHandlerMethod.doInvoke(InvocableHandlerMethod.java:197)
	at org.springframework.web.method.support.InvocableHandlerMethod.invokeForRequest(InvocableHandlerMethod.java:141)
	at org.springframework.web.servlet.mvc.method.annotation.ServletInvocableHandlerMethod.invokeAndHandle(ServletInvocableHandlerMethod.java:106)
	at org.springframework.web.servlet.mvc.method.annotation.RequestMappingHandlerAdapter.invokeHandlerMethod(RequestMappingHandlerAdapter.java:894)
	at org.springframework.web.servlet.mvc.method.annotation.RequestMappingHandlerAdapter.handleInternal(RequestMappingHandlerAdapter.java:808)
	at org.springframework.web.servlet.mvc.method.AbstractHandlerMethodAdapter.handle(AbstractHandlerMethodAdapter.java:87)
	at org.springframework.web.servlet.DispatcherServlet.doDispatch(DispatcherServlet.java:1061)
	at org.springframework.web.servlet.DispatcherServlet.doService(DispatcherServlet.java:961)
	at org.springframework.web.servlet.FrameworkServlet.processRequest(FrameworkServlet.java:1006)
	at org.springframework.web.servlet.FrameworkServlet.doGet(FrameworkServlet.java:898)
	at javax.servlet.http.HttpServlet.service(HttpServlet.java:626)
	at org.springframework.web.servlet.FrameworkServlet.service(FrameworkServlet.java:883)
	at javax.servlet.http.HttpServlet.service(HttpServlet.java:733)
	at org.apache.catalina.core.ApplicationFilterChain.internalDoFilter(ApplicationFilterChain.java:231)
	at org.apache.catalina.core.ApplicationFilterChain.doFilter(ApplicationFilterChain.java:166)
	at org.apache.tomcat.websocket.server.WsFilter.doFilter(WsFilter.java:53)
	at org.apache.catalina.core.ApplicationFilterChain.internalDoFilter(ApplicationFilterChain.java:193)
	at org.apache.catalina.core.ApplicationFilterChain.doFilter(ApplicationFilterChain.java:166)
	at org.springframework.web.filter.RequestContextFilter.doFilterInternal(RequestContextFilter.java:100)
	at org.springframework.web.filter.OncePerRequestFilter.doFilter(OncePerRequestFilter.java:119)
	at org.apache.catalina.core.ApplicationFilterChain.internalDoFilter(ApplicationFilterChain.java:193)
	at org.apache.catalina.core.ApplicationFilterChain.doFilter(ApplicationFilterChain.java:166)
	at org.springframework.web.filter.FormContentFilter.doFilterInternal(FormContentFilter.java:93)
	at org.springframework.web.filter.OncePerRequestFilter.doFilter(OncePerRequestFilter.java:119)
	at org.apache.catalina.core.ApplicationFilterChain.internalDoFilter(ApplicationFilterChain.java:193)
	at org.apache.catalina.core.ApplicationFilterChain.doFilter(ApplicationFilterChain.java:166)
	at org.springframework.web.filter.CharacterEncodingFilter.doFilterInternal(CharacterEncodingFilter.java:201)
	at org.springframework.web.filter.OncePerRequestFilter.doFilter(OncePerRequestFilter.java:119)
	at org.apache.catalina.core.ApplicationFilterChain.internalDoFilter(ApplicationFilterChain.java:193)
	at org.apache.catalina.core.ApplicationFilterChain.doFilter(ApplicationFilterChain.java:166)
	at org.apache.catalina.core.StandardWrapperValve.invoke(StandardWrapperValve.java:202)
	at org.apache.catalina.core.StandardContextValve.invoke(StandardContextValve.java:97)
	at org.apache.catalina.authenticator.AuthenticatorBase.invoke(AuthenticatorBase.java:542)
	at org.apache.catalina.core.StandardHostValve.invoke(StandardHostValve.java:143)
	at org.apache.catalina.valves.ErrorReportValve.invoke(ErrorReportValve.java:92)
	at org.apache.catalina.core.StandardEngineValve.invoke(StandardEngineValve.java:78)
	at org.apache.catalina.connector.CoyoteAdapter.service(CoyoteAdapter.java:343)
	at org.apache.coyote.http11.Http11Processor.service(Http11Processor.java:374)
	at org.apache.coyote.AbstractProcessorLight.process(AbstractProcessorLight.java:65)
	at org.apache.coyote.AbstractProtocol$ConnectionHandler.process(AbstractProtocol.java:888)
	at org.apache.tomcat.util.net.NioEndpoint$SocketProcessor.doRun(NioEndpoint.java:1597)
	at org.apache.tomcat.util.net.SocketProcessorBase.run(SocketProcessorBase.java:49)
	at java.base/java.util.concurrent.ThreadPoolExecutor.runWorker(ThreadPoolExecutor.java:1130)
	at java.base/java.util.concurrent.ThreadPoolExecutor$Worker.run(ThreadPoolExecutor.java:630)
	at org.apache.tomcat.util.threads.TaskThread$WrappingRunnable.run(TaskThread.java:61)
	at java.base/java.lang.Thread.run(Thread.java:832)
2020-12-29 12:49:27,482 ERROR org.apache.catalina.core.ContainerBase.[Tomcat].[localhost].[/].[dispatcherServlet] [http-nio-9090-exec-6] Servlet.service() for servlet [dispatcherServlet] in context with path [] threw exception [Handler dispatch failed; nested exception is java.lang.IllegalAccessError: class com.example.demo.controller.FirstController (in unnamed module @0x11a8042c) cannot access class jdk.internal.org.jline.utils.Log (in module jdk.internal.le) because module jdk.internal.le does not export jdk.internal.org.jline.utils to unnamed module @0x11a8042c] with root cause
java.lang.IllegalAccessError: class com.example.demo.controller.FirstController (in unnamed module @0x11a8042c) cannot access class jdk.internal.org.jline.utils.Log (in module jdk.internal.le) because module jdk.internal.le does not export jdk.internal.org.jline.utils to unnamed module @0x11a8042c
	at com.example.demo.controller.FirstController.helloWorld(FirstController.java:19)
	at java.base/jdk.internal.reflect.NativeMethodAccessorImpl.invoke0(Native Method)
	at java.base/jdk.internal.reflect.NativeMethodAccessorImpl.invoke(NativeMethodAccessorImpl.java:64)
	at java.base/jdk.internal.reflect.DelegatingMethodAccessorImpl.invoke(DelegatingMethodAccessorImpl.java:43)
	at java.base/java.lang.reflect.Method.invoke(Method.java:564)
	at org.springframework.web.method.support.InvocableHandlerMethod.doInvoke(InvocableHandlerMethod.java:197)
	at org.springframework.web.method.support.InvocableHandlerMethod.invokeForRequest(InvocableHandlerMethod.java:141)
	at org.springframework.web.servlet.mvc.method.annotation.ServletInvocableHandlerMethod.invokeAndHandle(ServletInvocableHandlerMethod.java:106)
	at org.springframework.web.servlet.mvc.method.annotation.RequestMappingHandlerAdapter.invokeHandlerMethod(RequestMappingHandlerAdapter.java:894)
	at org.springframework.web.servlet.mvc.method.annotation.RequestMappingHandlerAdapter.handleInternal(RequestMappingHandlerAdapter.java:808)
	at org.springframework.web.servlet.mvc.method.AbstractHandlerMethodAdapter.handle(AbstractHandlerMethodAdapter.java:87)
	at org.springframework.web.servlet.DispatcherServlet.doDispatch(DispatcherServlet.java:1061)
	at org.springframework.web.servlet.DispatcherServlet.doService(DispatcherServlet.java:961)
	at org.springframework.web.servlet.FrameworkServlet.processRequest(FrameworkServlet.java:1006)
	at org.springframework.web.servlet.FrameworkServlet.doGet(FrameworkServlet.java:898)
	at javax.servlet.http.HttpServlet.service(HttpServlet.java:626)
	at org.springframework.web.servlet.FrameworkServlet.service(FrameworkServlet.java:883)
	at javax.servlet.http.HttpServlet.service(HttpServlet.java:733)
	at org.apache.catalina.core.ApplicationFilterChain.internalDoFilter(ApplicationFilterChain.java:231)
	at org.apache.catalina.core.ApplicationFilterChain.doFilter(ApplicationFilterChain.java:166)
	at org.apache.tomcat.websocket.server.WsFilter.doFilter(WsFilter.java:53)
	at org.apache.catalina.core.ApplicationFilterChain.internalDoFilter(ApplicationFilterChain.java:193)
	at org.apache.catalina.core.ApplicationFilterChain.doFilter(ApplicationFilterChain.java:166)
	at org.springframework.web.filter.RequestContextFilter.doFilterInternal(RequestContextFilter.java:100)
	at org.springframework.web.filter.OncePerRequestFilter.doFilter(OncePerRequestFilter.java:119)
	at org.apache.catalina.core.ApplicationFilterChain.internalDoFilter(ApplicationFilterChain.java:193)
	at org.apache.catalina.core.ApplicationFilterChain.doFilter(ApplicationFilterChain.java:166)
	at org.springframework.web.filter.FormContentFilter.doFilterInternal(FormContentFilter.java:93)
	at org.springframework.web.filter.OncePerRequestFilter.doFilter(OncePerRequestFilter.java:119)
	at org.apache.catalina.core.ApplicationFilterChain.internalDoFilter(ApplicationFilterChain.java:193)
	at org.apache.catalina.core.ApplicationFilterChain.doFilter(ApplicationFilterChain.java:166)
	at org.springframework.web.filter.CharacterEncodingFilter.doFilterInternal(CharacterEncodingFilter.java:201)
	at org.springframework.web.filter.OncePerRequestFilter.doFilter(OncePerRequestFilter.java:119)
	at org.apache.catalina.core.ApplicationFilterChain.internalDoFilter(ApplicationFilterChain.java:193)
	at org.apache.catalina.core.ApplicationFilterChain.doFilter(ApplicationFilterChain.java:166)
	at org.apache.catalina.core.StandardWrapperValve.invoke(StandardWrapperValve.java:202)
	at org.apache.catalina.core.StandardContextValve.invoke(StandardContextValve.java:97)
	at org.apache.catalina.authenticator.AuthenticatorBase.invoke(AuthenticatorBase.java:542)
	at org.apache.catalina.core.StandardHostValve.invoke(StandardHostValve.java:143)
	at org.apache.catalina.valves.ErrorReportValve.invoke(ErrorReportValve.java:92)
	at org.apache.catalina.core.StandardEngineValve.invoke(StandardEngineValve.java:78)
	at org.apache.catalina.connector.CoyoteAdapter.service(CoyoteAdapter.java:343)
	at org.apache.coyote.http11.Http11Processor.service(Http11Processor.java:374)
	at org.apache.coyote.AbstractProcessorLight.process(AbstractProcessorLight.java:65)
	at org.apache.coyote.AbstractProtocol$ConnectionHandler.process(AbstractProtocol.java:888)
	at org.apache.tomcat.util.net.NioEndpoint$SocketProcessor.doRun(NioEndpoint.java:1597)
	at org.apache.tomcat.util.net.SocketProcessorBase.run(SocketProcessorBase.java:49)
	at java.base/java.util.concurrent.ThreadPoolExecutor.runWorker(ThreadPoolExecutor.java:1130)
	at java.base/java.util.concurrent.ThreadPoolExecutor$Worker.run(ThreadPoolExecutor.java:630)
	at org.apache.tomcat.util.threads.TaskThread$WrappingRunnable.run(TaskThread.java:61)
	at java.base/java.lang.Thread.run(Thread.java:832)
2020-12-29 12:51:25,996 INFO com.zaxxer.hikari.HikariDataSource [RMI TCP Connection(18)-127.0.0.1] HikariPool-1 - Shutdown initiated...
2020-12-29 12:51:26,990 INFO com.zaxxer.hikari.HikariDataSource [RMI TCP Connection(18)-127.0.0.1] HikariPool-1 - Shutdown completed.
2020-12-29 12:52:27,391 INFO com.example.demo.SpringStsjpaLombokApplication [main] Starting SpringStsjpaLombokApplication using Java 15.0.1 on DESKTOP-8Q96CNP with PID 4704 (C:\Users\it\Documents\workspace-spring-tool-suite-4-4.9.0.RELEASE\SpringSTSJPALombok\target\classes started by it in C:\Users\it\Documents\workspace-spring-tool-suite-4-4.9.0.RELEASE\SpringSTSJPALombok)
2020-12-29 12:52:27,395 DEBUG com.example.demo.SpringStsjpaLombokApplication [main] Running with Spring Boot v2.4.1, Spring v5.3.2
2020-12-29 12:52:27,395 INFO com.example.demo.SpringStsjpaLombokApplication [main] No active profile set, falling back to default profiles: default
2020-12-29 12:52:37,132 INFO org.apache.catalina.core.StandardService [main] Starting service [Tomcat]
2020-12-29 12:52:37,135 INFO org.apache.catalina.core.StandardEngine [main] Starting Servlet engine: [Apache Tomcat/9.0.41]
2020-12-29 12:52:37,144 INFO org.apache.catalina.core.AprLifecycleListener [main] Loaded Apache Tomcat Native library [1.2.25] using APR version [1.7.0].
2020-12-29 12:52:37,145 INFO org.apache.catalina.core.AprLifecycleListener [main] APR capabilities: IPv6 [true], sendfile [true], accept filters [false], random [true].
2020-12-29 12:52:37,147 INFO org.apache.catalina.core.AprLifecycleListener [main] APR/OpenSSL configuration: useAprConnector [false], useOpenSSL [true]
2020-12-29 12:52:39,598 INFO org.apache.catalina.core.AprLifecycleListener [main] OpenSSL successfully initialized [OpenSSL 1.1.1g  21 Apr 2020]
2020-12-29 12:52:41,088 INFO org.apache.catalina.core.ContainerBase.[Tomcat].[localhost].[/] [main] Initializing Spring embedded WebApplicationContext
2020-12-29 12:52:43,005 INFO org.hibernate.jpa.internal.util.LogHelper [main] HHH000204: Processing PersistenceUnitInfo [name: default]
2020-12-29 12:52:45,566 INFO org.hibernate.Version [main] HHH000412: Hibernate ORM core version 5.4.25.Final
2020-12-29 12:52:48,557 INFO org.hibernate.annotations.common.Version [main] HCANN000001: Hibernate Commons Annotations {5.1.2.Final}
2020-12-29 12:52:49,841 INFO com.zaxxer.hikari.HikariDataSource [main] HikariPool-1 - Starting...
2020-12-29 12:52:57,197 INFO com.zaxxer.hikari.HikariDataSource [main] HikariPool-1 - Start completed.
2020-12-29 12:52:57,806 INFO org.hibernate.dialect.Dialect [main] HHH000400: Using dialect: org.hibernate.dialect.MySQL5Dialect
2020-12-29 12:53:05,557 INFO org.hibernate.engine.transaction.jta.platform.internal.JtaPlatformInitiator [main] HHH000490: Using JtaPlatform implementation: [org.hibernate.engine.transaction.jta.platform.internal.NoJtaPlatform]
2020-12-29 12:53:09,005 INFO com.example.demo.SpringStsjpaLombokApplication [main] Started SpringStsjpaLombokApplication in 42.06 seconds (JVM running for 43.834)
2020-12-29 12:54:01,679 INFO org.apache.catalina.core.ContainerBase.[Tomcat].[localhost].[/] [http-nio-9090-exec-1] Initializing Spring DispatcherServlet 'dispatcherServlet'
2020-12-29 12:54:27,842 INFO com.zaxxer.hikari.HikariDataSource [RMI TCP Connection(5)-127.0.0.1] HikariPool-1 - Shutdown initiated...
2020-12-29 12:54:27,940 INFO com.zaxxer.hikari.HikariDataSource [RMI TCP Connection(5)-127.0.0.1] HikariPool-1 - Shutdown completed.
