2020-12-29 13:53:32.715  INFO 8868 --- [main] c.e.demo.SpringStsjpaLombokApplication   : Starting SpringStsjpaLombokApplication using Java 1.8.0_271 on DESKTOP-8Q96CNP with PID 8868 (C:\Users\it\Documents\workspace-spring-tool-suite-4-4.9.0.RELEASE\SpringSTSJPALombok\target\classes started by it in C:\Users\it\Documents\workspace-spring-tool-suite-4-4.9.0.RELEASE\SpringSTSJPALombok)
2020-12-29 13:53:32.733  INFO 8868 --- [main] c.e.demo.SpringStsjpaLombokApplication   : No active profile set, falling back to default profiles: default
2020-12-29 13:53:37.386  INFO 8868 --- [main] .s.d.r.c.RepositoryConfigurationDelegate : Bootstrapping Spring Data JPA repositories in DEFAULT mode.
2020-12-29 13:53:37.622  INFO 8868 --- [main] .s.d.r.c.RepositoryConfigurationDelegate : Finished Spring Data repository scanning in 69 ms. Found 0 JPA repository interfaces.
2020-12-29 13:53:51.417  INFO 8868 --- [main] o.s.b.w.embedded.tomcat.TomcatWebServer  : Tomcat initialized with port(s): 9090 (http)
2020-12-29 13:53:51.563  INFO 8868 --- [main] o.apache.catalina.core.StandardService   : Starting service [Tomcat]
2020-12-29 13:53:51.566  INFO 8868 --- [main] org.apache.catalina.core.StandardEngine  : Starting Servlet engine: [Apache Tomcat/9.0.41]
2020-12-29 13:53:51.577  INFO 8868 --- [main] o.a.catalina.core.AprLifecycleListener   : Loaded Apache Tomcat Native library [1.2.25] using APR version [1.7.0].
2020-12-29 13:53:51.579  INFO 8868 --- [main] o.a.catalina.core.AprLifecycleListener   : APR capabilities: IPv6 [true], sendfile [true], accept filters [false], random [true].
2020-12-29 13:53:51.581  INFO 8868 --- [main] o.a.catalina.core.AprLifecycleListener   : APR/OpenSSL configuration: useAprConnector [false], useOpenSSL [true]
2020-12-29 13:53:51.733  INFO 8868 --- [main] o.a.catalina.core.AprLifecycleListener   : OpenSSL successfully initialized [OpenSSL 1.1.1g  21 Apr 2020]
2020-12-29 13:53:52.460  INFO 8868 --- [main] o.a.c.c.C.[Tomcat].[localhost].[/]       : Initializing Spring embedded WebApplicationContext
2020-12-29 13:53:52.462  INFO 8868 --- [main] w.s.c.ServletWebServerApplicationContext : Root WebApplicationContext: initialization completed in 19040 ms
2020-12-29 13:53:54.540  INFO 8868 --- [main] o.hibernate.jpa.internal.util.LogHelper  : HHH000204: Processing PersistenceUnitInfo [name: default]
2020-12-29 13:53:55.888  INFO 8868 --- [main] org.hibernate.Version                    : HHH000412: Hibernate ORM core version 5.4.25.Final
2020-12-29 13:54:00.269  INFO 8868 --- [main] o.hibernate.annotations.common.Version   : HCANN000001: Hibernate Commons Annotations {5.1.2.Final}
2020-12-29 13:54:01.080  INFO 8868 --- [main] com.zaxxer.hikari.HikariDataSource       : HikariPool-1 - Starting...
2020-12-29 13:54:06.693  INFO 8868 --- [main] com.zaxxer.hikari.HikariDataSource       : HikariPool-1 - Start completed.
2020-12-29 13:54:06.882  INFO 8868 --- [main] org.hibernate.dialect.Dialect            : HHH000400: Using dialect: org.hibernate.dialect.MySQL5Dialect
2020-12-29 13:54:11.489  INFO 8868 --- [main] o.h.e.t.j.p.i.JtaPlatformInitiator       : HHH000490: Using JtaPlatform implementation: [org.hibernate.engine.transaction.jta.platform.internal.NoJtaPlatform]
2020-12-29 13:54:11.582  INFO 8868 --- [main] j.LocalContainerEntityManagerFactoryBean : Initialized JPA EntityManagerFactory for persistence unit 'default'
2020-12-29 13:54:11.764  WARN 8868 --- [main] JpaBaseConfiguration$JpaWebConfiguration : spring.jpa.open-in-view is enabled by default. Therefore, database queries may be performed during view rendering. Explicitly configure spring.jpa.open-in-view to disable this warning
2020-12-29 13:54:12.012  INFO 8868 --- [main] o.s.s.concurrent.ThreadPoolTaskExecutor  : Initializing ExecutorService 'applicationTaskExecutor'
2020-12-29 13:54:13.430  INFO 8868 --- [main] o.s.b.w.embedded.tomcat.TomcatWebServer  : Tomcat started on port(s): 9090 (http) with context path ''
2020-12-29 13:54:13.469  INFO 8868 --- [main] c.e.demo.SpringStsjpaLombokApplication   : Started SpringStsjpaLombokApplication in 43.8 seconds (JVM running for 46.082)
2020-12-29 13:55:30.126  INFO 8868 --- [http-nio-9090-exec-7] o.a.c.c.C.[Tomcat].[localhost].[/]       : Initializing Spring DispatcherServlet 'dispatcherServlet'
2020-12-29 13:55:30.132  INFO 8868 --- [http-nio-9090-exec-7] o.s.web.servlet.DispatcherServlet        : Initializing Servlet 'dispatcherServlet'
2020-12-29 13:55:30.141  INFO 8868 --- [http-nio-9090-exec-7] o.s.web.servlet.DispatcherServlet        : Completed initialization in 8 ms
